<?xml version="1.0" encoding="UTF-8" ?>
<testsuite errors="0" failures="0" hostname="Derek-PC" name="test.PrintMarketingTest" skipped="0" tests="2" time="0.057" timestamp="2015-04-03T17:03:29">
  <properties>
    <property name="java.vendor" value="Oracle Corporation" />
    <property name="lib.dir" value="lib" />
    <property name="sun.java.launcher" value="SUN_STANDARD" />
    <property name="sun.management.compiler" value="HotSpot 64-Bit Tiered Compilers" />
    <property name="os.name" value="Windows 7" />
    <property name="sun.boot.class.path" value="C:\Program Files\Java\jdk1.8.0_25\jre\lib\resources.jar;C:\Program Files\Java\jdk1.8.0_25\jre\lib\rt.jar;C:\Program Files\Java\jdk1.8.0_25\jre\lib\sunrsasign.jar;C:\Program Files\Java\jdk1.8.0_25\jre\lib\jsse.jar;C:\Program Files\Java\jdk1.8.0_25\jre\lib\jce.jar;C:\Program Files\Java\jdk1.8.0_25\jre\lib\charsets.jar;C:\Program Files\Java\jdk1.8.0_25\jre\lib\jfr.jar;C:\Program Files\Java\jdk1.8.0_25\jre\classes" />
    <property name="sun.desktop" value="windows" />
    <property name="java.vm.specification.vendor" value="Oracle Corporation" />
    <property name="ant.home" value="E:\workspace\apache-ant-1.9.4" />
    <property name="jar.dir" value="dist" />
    <property name="java.runtime.version" value="1.8.0_25-b18" />
    <property name="user.name" value="Derek" />
    <property name="user.language" value="en" />
    <property name="class.dir" value="bin" />
    <property name="sun.boot.library.path" value="C:\Program Files\Java\jdk1.8.0_25\jre\bin" />
    <property name="ant.project.default-target" value="jar" />
    <property name="ant.project.name" value="Cst316" />
    <property name="java.version" value="1.8.0_25" />
    <property name="user.timezone" value="America/Phoenix" />
    <property name="sun.arch.data.model" value="64" />
    <property name="java.endorsed.dirs" value="C:\Program Files\Java\jdk1.8.0_25\jre\lib\endorsed" />
    <property name="sun.cpu.isalist" value="amd64" />
    <property name="sun.jnu.encoding" value="Cp1252" />
    <property name="file.encoding.pkg" value="sun.io" />
    <property name="file.separator" value="\" />
    <property name="java.specification.name" value="Java Platform API Specification" />
    <property name="ant.file.Cst316" value="E:\JavaFx_Workspace\cst316-team-a\Cst316\build.xml" />
    <property name="java.class.version" value="52.0" />
    <property name="user.country" value="US" />
    <property name="java.home" value="C:\Program Files\Java\jdk1.8.0_25\jre" />
    <property name="java.vm.info" value="mixed mode" />
    <property name="ant.file" value="E:\JavaFx_Workspace\cst316-team-a\Cst316\build.xml" />
    <property name="os.version" value="6.1" />
    <property name="path.separator" value=";" />
    <property name="java.vm.version" value="25.25-b02" />
    <property name="user.variant" value="" />
    <property name="ant.library.dir" value="E:\workspace\apache-ant-1.9.4\lib" />
    <property name="java.awt.printerjob" value="sun.awt.windows.WPrinterJob" />
    <property name="sun.io.unicode.encoding" value="UnicodeLittle" />
    <property name="awt.toolkit" value="sun.awt.windows.WToolkit" />
    <property name="_jacoco.agentFile" value="C:\Users\Derek\AppData\Local\Temp\jacocoagent6088200513845916091.jar" />
    <property name="sun.stdout.encoding" value="cp437" />
    <property name="user.script" value="" />
    <property name="main.class" value="application.Main" />
    <property name="user.home" value="C:\Users\Derek" />
    <property name="jacocoant.jar" value="lib/jacocoant.jar" />
    <property name="java.specification.vendor" value="Oracle Corporation" />
    <property name="test.dir" value="test" />
    <property name="jar.file" value="dist/Cst316.jar" />
    <property name="java.library.path" value="C:\Program Files\Java\jdk1.8.0_25\jre\bin;C:\Windows\Sun\Java\bin;C:\Windows\system32;C:\Windows;C:\Program Files (x86)\NVIDIA Corporation\PhysX\Common;C:\ProgramData\Oracle\Java\javapath;C:\Windows\system32;C:\Windows;C:\Windows\System32\Wbem;C:\Windows\System32\WindowsPowerShell\v1.0\;e:\Program Files (x86)\Git\cmd;C:\Program Files (x86)\Common Files\HP\Digital Imaging\bin;C:\Program Files (x86)\HP\Digital Imaging\bin\;C:\Program Files (x86)\HP\Digital Imaging\bin\Qt\Qt 4.3.3;E:\workspace\apache-ant-1.9.4\bin;C:\Program Files\Java\jdk1.8.0_25\bin;C:\Program Files (x86)\Windows Kits\8.1\Windows Performance Toolkit\;C:\Program Files\Microsoft SQL Server\110\Tools\Binn\;C:\Program Files (x86)\Microsoft SDKs\TypeScript\1.0\;C:\Program Files\Microsoft SQL Server\120\Tools\Binn\;E:\Program Files (x86)\Skype\Phone\;." />
    <property name="java.vendor.url" value="http://java.oracle.com/" />
    <property name="java.vm.vendor" value="Oracle Corporation" />
    <property name="java.runtime.name" value="Java(TM) SE Runtime Environment" />
    <property name="sun.java.command" value="org.apache.tools.ant.taskdefs.optional.junit.JUnitTestRunner test.PrintMarketingTest skipNonTests=false filtertrace=true haltOnError=false haltOnFailure=false formatter=org.apache.tools.ant.taskdefs.optional.junit.OutErrSummaryJUnitResultFormatter showoutput=false outputtoformatters=true logfailedtests=true threadid=0 logtestlistenerevents=false formatter=org.apache.tools.ant.taskdefs.optional.junit.XMLJUnitResultFormatter,E:\JavaFx_Workspace\cst316-team-a\Cst316\test\TEST-test.PrintMarketingTest.xml crashfile=E:\JavaFx_Workspace\cst316-team-a\Cst316\junitvmwatcher8193181631487300490.properties propsfile=E:\JavaFx_Workspace\cst316-team-a\Cst316\junit4169418504819537968.properties" />
    <property name="java.class.path" value="E:\JavaFx_Workspace\cst316-team-a\Cst316\dist\Cst316.jar;E:\workspace\apache-ant-1.9.4\lib\ant-launcher.jar;E:\workspace\apache-ant-1.9.4\lib\ant.jar;E:\workspace\apache-ant-1.9.4\lib\ant-junit.jar;E:\workspace\apache-ant-1.9.4\lib\ant-junit4.jar;C:\Users\Derek\AppData\Local\Temp\jacocoagent6088200513845916091.jar" />
    <property name="ant.version" value="Apache Ant(TM) version 1.9.4 compiled on April 29 2014" />
    <property name="jacoco.file" value="jacoco.exec" />
    <property name="debug.enable" value="true" />
    <property name="java.vm.specification.name" value="Java Virtual Machine Specification" />
    <property name="ant.file.type" value="file" />
    <property name="java.vm.specification.version" value="1.8" />
    <property name="sun.cpu.endian" value="little" />
    <property name="sun.os.patch.level" value="Service Pack 1" />
    <property name="java.io.tmpdir" value="C:\Users\Derek\AppData\Local\Temp\" />
    <property name="java.vendor.url.bug" value="http://bugreport.sun.com/bugreport/" />
    <property name="ant.file.type.Cst316" value="file" />
    <property name="os.arch" value="amd64" />
    <property name="java.awt.graphicsenv" value="sun.awt.Win32GraphicsEnvironment" />
    <property name="java.ext.dirs" value="C:\Program Files\Java\jdk1.8.0_25\jre\lib\ext;C:\Windows\Sun\Java\lib\ext" />
    <property name="user.dir" value="E:\JavaFx_Workspace\cst316-team-a\Cst316" />
    <property name="line.separator" value="&#xd;&#xa;" />
    <property name="java.vm.name" value="Java HotSpot(TM) 64-Bit Server VM" />
    <property name="basedir" value="E:\JavaFx_Workspace\cst316-team-a\Cst316" />
    <property name="ant.java.version" value="1.8" />
    <property name="ant.core.lib" value="E:\workspace\apache-ant-1.9.4\lib\ant.jar" />
    <property name="file.encoding" value="Cp1252" />
    <property name="sun.stderr.encoding" value="cp437" />
    <property name="source.dir" value="src" />
    <property name="java.specification.version" value="1.8" />
    <property name="ant.project.invoked-targets" value="test" />
  </properties>
  <testcase classname="test.PrintMarketingTest" name="testStartCampaign" time="0.005" />
  <testcase classname="test.PrintMarketingTest" name="testCancelCampaign" time="0.001" />
  <system-out><![CDATA[Bummer Dude, our marketing campaign actually resulted in a decrease in sales. We sold 78.0 less product as a result of our marketing run.
Bummer Dude, our marketing campaign actually resulted in a decrease in sales. We sold 10.0 less product as a result of our marketing run.
Bummer Dude, our marketing campaign actually resulted in a decrease in sales. We sold 370.0 less product as a result of our marketing run.
Great Job, our marketing campaign resulted in an increase in sales. We sold 115.0 more products as a result of our marketing run.
Great Job, our marketing campaign resulted in an increase in sales. We sold 65.0 more products as a result of our marketing run.
Great Job, our marketing campaign resulted in an increase in sales. We sold 88.0 more products as a result of our marketing run.
Bummer Dude, our marketing campaign actually resulted in a decrease in sales. We sold 60.0 less product as a result of our marketing run.
Great Job, our marketing campaign resulted in an increase in sales. We sold 200.0 more products as a result of our marketing run.
Great Job, our marketing campaign resulted in an increase in sales. We sold 0.0 more products as a result of our marketing run.
Great Job, our marketing campaign resulted in an increase in sales. We sold -0.0 more products as a result of our marketing run.
Bummer Dude, after prematurely canceling our marketing campaign, we only managed to recoup 25.0 percent of the original costs back.
Well done, after prematurely canceling our marketing campaign, we actually managed to recoup 93.0 percent of the original costs back.
Well done, after prematurely canceling our marketing campaign, we actually managed to recoup 44.0 percent of the original costs back.
Well done, after prematurely canceling our marketing campaign, we actually managed to recoup 65.0 percent of the original costs back.
Bummer Dude, after prematurely canceling our marketing campaign, we only managed to recoup 6.0 percent of the original costs back.
Well done, after prematurely canceling our marketing campaign, we actually managed to recoup 43.0 percent of the original costs back.
]]></system-out>
  <system-err><![CDATA[]]></system-err>
</testsuite>
